# JRE version: Java(TM) SE Runtime Environment (21.0.4+8) (build 21.0.4+8-LTS-274)
# Java VM: Java HotSpot(TM) 64-Bit Server VM (21.0.4+8-LTS-274, mixed mode, sharing, tiered, compressed oops, compressed class ptrs, g1 gc, windows-amd64)
GC Precious Log:
 CardTable entry size: 512
 Card Set container configuration: InlinePtr #cards 4 size 8 Array Of Cards #cards 16 size 48 Howl #buckets 8 coarsen threshold 3686 Howl Bitmap #cards 512 size 80 coarsen threshold 460 Card regions per heap region 1 cards per card region 4096
 CPUs: 12 total, 12 available
 Memory: 11621M
 Large Page Support: Disabled
 NUMA Support: Disabled
 Compressed Oops: Enabled (Zero based)
 Heap Region Size: 2M
 Heap Min Capacity: 8M
 Heap Initial Capacity: 182M
 Heap Max Capacity: 2906M
 Pre-touch: Disabled
 Parallel Workers: 10
 Concurrent Workers: 3
 Concurrent Refinement Workers: 10
 Periodic GC: Disabled
Heap:
 garbage-first heap   total 495616K, used 315721K [0x000000074a600000, 0x0000000800000000)
  region size 2048K, 4 young (8192K), 4 survivors (8192K)
 Metaspace       used 27663K, committed 28160K, reserved 1114112K
  class space    used 2995K, committed 3200K, reserved 1048576K
GC Heap History (20 events):
Event: 6.929 GC heap after
{Heap after GC invocations=15 (full 0):
 garbage-first heap   total 450560K, used 175326K [0x000000074a600000, 0x0000000800000000)
  region size 2048K, 12 young (24576K), 12 survivors (24576K)
 Metaspace       used 22868K, committed 23488K, reserved 1114112K
  class space    used 2524K, committed 2752K, reserved 1048576K
}
Event: 7.163 GC heap before
{Heap before GC invocations=15 (full 0):
 garbage-first heap   total 450560K, used 371934K [0x000000074a600000, 0x0000000800000000)
  region size 2048K, 109 young (223232K), 12 survivors (24576K)
 Metaspace       used 22882K, committed 23488K, reserved 1114112K
  class space    used 2527K, committed 2752K, reserved 1048576K
}
Event: 7.180 GC heap after
{Heap after GC invocations=16 (full 0):
 garbage-first heap   total 450560K, used 195412K [0x000000074a600000, 0x0000000800000000)
  region size 2048K, 13 young (26624K), 13 survivors (26624K)
 Metaspace       used 22882K, committed 23488K, reserved 1114112K
  class space    used 2527K, committed 2752K, reserved 1048576K
}
Event: 8.982 GC heap before
{Heap before GC invocations=16 (full 0):
 garbage-first heap   total 450560K, used 375636K [0x000000074a600000, 0x0000000800000000)
  region size 2048K, 100 young (204800K), 13 survivors (26624K)
 Metaspace       used 26798K, committed 27328K, reserved 1114112K
  class space    used 2907K, committed 3136K, reserved 1048576K
}
Event: 9.002 GC heap after
{Heap after GC invocations=17 (full 0):
 garbage-first heap   total 450560K, used 237898K [0x000000074a600000, 0x0000000800000000)
  region size 2048K, 13 young (26624K), 13 survivors (26624K)
 Metaspace       used 26798K, committed 27328K, reserved 1114112K
  class space    used 2907K, committed 3136K, reserved 1048576K
}
Event: 9.523 GC heap before
{Heap before GC invocations=17 (full 0):
 garbage-first heap   total 450560K, used 383306K [0x000000074a600000, 0x0000000800000000)
  region size 2048K, 84 young (172032K), 13 survivors (26624K)
 Metaspace       used 26823K, committed 27328K, reserved 1114112K
  class space    used 2907K, committed 3136K, reserved 1048576K
}
Event: 9.542 GC heap after
{Heap after GC invocations=18 (full 0):
 garbage-first heap   total 450560K, used 267520K [0x000000074a600000, 0x0000000800000000)
  region size 2048K, 11 young (22528K), 11 survivors (22528K)
 Metaspace       used 26823K, committed 27328K, reserved 1114112K
  class space    used 2907K, committed 3136K, reserved 1048576K
}
Event: 10.207 GC heap before
{Heap before GC invocations=19 (full 0):
 garbage-first heap   total 489472K, used 384256K [0x000000074a600000, 0x0000000800000000)
  region size 2048K, 69 young (141312K), 11 survivors (22528K)
 Metaspace       used 26835K, committed 27328K, reserved 1114112K
  class space    used 2908K, committed 3136K, reserved 1048576K
}
Event: 10.218 GC heap after
{Heap after GC invocations=20 (full 0):
 garbage-first heap   total 489472K, used 286720K [0x000000074a600000, 0x0000000800000000)
  region size 2048K, 9 young (18432K), 9 survivors (18432K)
 Metaspace       used 26835K, committed 27328K, reserved 1114112K
  class space    used 2908K, committed 3136K, reserved 1048576K
}
Event: 11.178 GC heap before
{Heap before GC invocations=20 (full 0):
 garbage-first heap   total 489472K, used 428032K [0x000000074a600000, 0x0000000800000000)
  region size 2048K, 77 young (157696K), 9 survivors (18432K)
 Metaspace       used 27002K, committed 27456K, reserved 1114112K
  class space    used 2921K, committed 3136K, reserved 1048576K
}
Event: 11.193 GC heap after
{Heap after GC invocations=21 (full 0):
 garbage-first heap   total 489472K, used 315878K [0x000000074a600000, 0x0000000800000000)
  region size 2048K, 10 young (20480K), 10 survivors (20480K)
 Metaspace       used 27002K, committed 27456K, reserved 1114112K
  class space    used 2921K, committed 3136K, reserved 1048576K
}
Event: 11.763 GC heap before
{Heap before GC invocations=21 (full 0):
 garbage-first heap   total 489472K, used 424422K [0x000000074a600000, 0x0000000800000000)
  region size 2048K, 63 young (129024K), 10 survivors (20480K)
 Metaspace       used 27286K, committed 27776K, reserved 1114112K
  class space    used 2952K, committed 3200K, reserved 1048576K
}
Event: 11.775 GC heap after
{Heap after GC invocations=22 (full 0):
 garbage-first heap   total 489472K, used 344640K [0x000000074a600000, 0x0000000800000000)
  region size 2048K, 8 young (16384K), 8 survivors (16384K)
 Metaspace       used 27286K, committed 27776K, reserved 1114112K
  class space    used 2952K, committed 3200K, reserved 1048576K
}
Event: 12.207 GC heap before
{Heap before GC invocations=23 (full 0):
 garbage-first heap   total 495616K, used 375360K [0x000000074a600000, 0x0000000800000000)
  region size 2048K, 50 young (102400K), 8 survivors (16384K)
 Metaspace       used 27274K, committed 27776K, reserved 1114112K
  class space    used 2948K, committed 3200K, reserved 1048576K
}
Event: 12.220 GC heap after
{Heap after GC invocations=24 (full 0):
 garbage-first heap   total 495616K, used 319488K [0x000000074a600000, 0x0000000800000000)
  region size 2048K, 7 young (14336K), 7 survivors (14336K)
 Metaspace       used 27274K, committed 27776K, reserved 1114112K
  class space    used 2948K, committed 3200K, reserved 1048576K
}
Event: 13.018 GC heap before
{Heap before GC invocations=24 (full 0):
 garbage-first heap   total 495616K, used 415744K [0x000000074a600000, 0x0000000800000000)
  region size 2048K, 54 young (110592K), 7 survivors (14336K)
 Metaspace       used 27617K, committed 28096K, reserved 1114112K
  class space    used 2989K, committed 3200K, reserved 1048576K
}
Event: 13.031 GC heap after
{Heap after GC invocations=25 (full 0):
 garbage-first heap   total 495616K, used 285821K [0x000000074a600000, 0x0000000800000000)
  region size 2048K, 7 young (14336K), 7 survivors (14336K)
 Metaspace       used 27617K, committed 28096K, reserved 1114112K
  class space    used 2989K, committed 3200K, reserved 1048576K
}
Event: 13.463 GC heap before
{Heap before GC invocations=25 (full 0):
 garbage-first heap   total 495616K, used 400509K [0x000000074a600000, 0x0000000800000000)
  region size 2048K, 63 young (129024K), 7 survivors (14336K)
 Metaspace       used 27618K, committed 28096K, reserved 1114112K
  class space    used 2989K, committed 3200K, reserved 1048576K
}
Event: 13.477 GC heap after
{Heap after GC invocations=26 (full 0):
 garbage-first heap   total 495616K, used 305839K [0x000000074a600000, 0x0000000800000000)
  region size 2048K, 8 young (16384K), 8 survivors (16384K)
 Metaspace       used 27618K, committed 28096K, reserved 1114112K
  class space    used 2989K, committed 3200K, reserved 1048576K
}
Event: 13.609 GC heap before
{Heap before GC invocations=26 (full 0):
 garbage-first heap   total 495616K, used 338607K [0x000000074a600000, 0x0000000800000000)
  region size 2048K, 25 young (51200K), 8 survivors (16384K)
 Metaspace       used 27663K, committed 28160K, reserved 1114112K
  class space    used 2995K, committed 3200K, reserved 1048576K
}

