# JRE version: Java(TM) SE Runtime Environment (21.0.4+8) (build 21.0.4+8-LTS-274)
# Java VM: Java HotSpot(TM) 64-Bit Server VM (21.0.4+8-LTS-274, mixed mode, sharing, tiered, compressed oops, compressed class ptrs, g1 gc, windows-amd64)
GC Precious Log:
 CardTable entry size: 512
 Card Set container configuration: InlinePtr #cards 4 size 8 Array Of Cards #cards 16 size 48 Howl #buckets 8 coarsen threshold 3686 Howl Bitmap #cards 512 size 80 coarsen threshold 460 Card regions per heap region 1 cards per card region 4096
 CPUs: 12 total, 12 available
 Memory: 11621M
 Large Page Support: Disabled
 NUMA Support: Disabled
 Compressed Oops: Enabled (Zero based)
 Heap Region Size: 2M
 Heap Min Capacity: 8M
 Heap Initial Capacity: 182M
 Heap Max Capacity: 2906M
 Pre-touch: Disabled
 Parallel Workers: 10
 Concurrent Workers: 3
 Concurrent Refinement Workers: 10
 Periodic GC: Disabled
Heap:
 garbage-first heap   total 446464K, used 216970K [0x000000074a600000, 0x0000000800000000)
  region size 2048K, 21 young (43008K), 11 survivors (22528K)
 Metaspace       used 23192K, committed 23680K, reserved 1114112K
  class space    used 2557K, committed 2752K, reserved 1048576K
GC Heap History (20 events):
Event: 6.790 GC heap before
{Heap before GC invocations=6 (full 0):
 garbage-first heap   total 186368K, used 114272K [0x000000074a600000, 0x0000000800000000)
  region size 2048K, 31 young (63488K), 7 survivors (14336K)
 Metaspace       used 21129K, committed 21504K, reserved 1114112K
  class space    used 2328K, committed 2496K, reserved 1048576K
}
Event: 6.801 GC heap after
{Heap after GC invocations=7 (full 0):
 garbage-first heap   total 186368K, used 73728K [0x000000074a600000, 0x0000000800000000)
  region size 2048K, 3 young (6144K), 3 survivors (6144K)
 Metaspace       used 21129K, committed 21504K, reserved 1114112K
  class space    used 2328K, committed 2496K, reserved 1048576K
}
Event: 7.259 GC heap before
{Heap before GC invocations=8 (full 0):
 garbage-first heap   total 186368K, used 151552K [0x000000074a600000, 0x0000000800000000)
  region size 2048K, 41 young (83968K), 3 survivors (6144K)
 Metaspace       used 22233K, committed 22720K, reserved 1114112K
  class space    used 2461K, committed 2688K, reserved 1048576K
}
Event: 7.271 GC heap after
{Heap after GC invocations=9 (full 0):
 garbage-first heap   total 186368K, used 87484K [0x000000074a600000, 0x0000000800000000)
  region size 2048K, 6 young (12288K), 6 survivors (12288K)
 Metaspace       used 22233K, committed 22720K, reserved 1114112K
  class space    used 2461K, committed 2688K, reserved 1048576K
}
Event: 7.515 GC heap before
{Heap before GC invocations=9 (full 0):
 garbage-first heap   total 186368K, used 153020K [0x000000074a600000, 0x0000000800000000)
  region size 2048K, 38 young (77824K), 6 survivors (12288K)
 Metaspace       used 22263K, committed 22784K, reserved 1114112K
  class space    used 2461K, committed 2688K, reserved 1048576K
}
Event: 7.530 GC heap after
{Heap after GC invocations=10 (full 0):
 garbage-first heap   total 231424K, used 98714K [0x000000074a600000, 0x0000000800000000)
  region size 2048K, 5 young (10240K), 5 survivors (10240K)
 Metaspace       used 22263K, committed 22784K, reserved 1114112K
  class space    used 2461K, committed 2688K, reserved 1048576K
}
Event: 7.890 GC heap before
{Heap before GC invocations=10 (full 0):
 garbage-first heap   total 231424K, used 186778K [0x000000074a600000, 0x0000000800000000)
  region size 2048K, 48 young (98304K), 5 survivors (10240K)
 Metaspace       used 22286K, committed 22784K, reserved 1114112K
  class space    used 2461K, committed 2688K, reserved 1048576K
}
Event: 7.903 GC heap after
{Heap after GC invocations=11 (full 0):
 garbage-first heap   total 231424K, used 116736K [0x000000074a600000, 0x0000000800000000)
  region size 2048K, 6 young (12288K), 6 survivors (12288K)
 Metaspace       used 22286K, committed 22784K, reserved 1114112K
  class space    used 2461K, committed 2688K, reserved 1048576K
}
Event: 7.997 GC heap before
{Heap before GC invocations=11 (full 0):
 garbage-first heap   total 231424K, used 126976K [0x000000074a600000, 0x0000000800000000)
  region size 2048K, 12 young (24576K), 6 survivors (12288K)
 Metaspace       used 22819K, committed 23296K, reserved 1114112K
  class space    used 2530K, committed 2752K, reserved 1048576K
}
Event: 8.004 GC heap after
{Heap after GC invocations=12 (full 0):
 garbage-first heap   total 231424K, used 120961K [0x000000074a600000, 0x0000000800000000)
  region size 2048K, 2 young (4096K), 2 survivors (4096K)
 Metaspace       used 22819K, committed 23296K, reserved 1114112K
  class space    used 2530K, committed 2752K, reserved 1048576K
}
Event: 8.263 GC heap before
{Heap before GC invocations=13 (full 0):
 garbage-first heap   total 231424K, used 194689K [0x000000074a600000, 0x0000000800000000)
  region size 2048K, 38 young (77824K), 2 survivors (4096K)
 Metaspace       used 22824K, committed 23360K, reserved 1114112K
  class space    used 2523K, committed 2752K, reserved 1048576K
}
Event: 8.271 GC heap after
{Heap after GC invocations=14 (full 0):
 garbage-first heap   total 231424K, used 141820K [0x000000074a600000, 0x0000000800000000)
  region size 2048K, 5 young (10240K), 5 survivors (10240K)
 Metaspace       used 22824K, committed 23360K, reserved 1114112K
  class space    used 2523K, committed 2752K, reserved 1048576K
}
Event: 8.310 GC heap before
{Heap before GC invocations=14 (full 0):
 garbage-first heap   total 231424K, used 195068K [0x000000074a600000, 0x0000000800000000)
  region size 2048K, 31 young (63488K), 5 survivors (10240K)
 Metaspace       used 22836K, committed 23360K, reserved 1114112K
  class space    used 2523K, committed 2752K, reserved 1048576K
}
Event: 8.319 GC heap after
{Heap after GC invocations=15 (full 0):
 garbage-first heap   total 231424K, used 152346K [0x000000074a600000, 0x0000000800000000)
  region size 2048K, 4 young (8192K), 4 survivors (8192K)
 Metaspace       used 22836K, committed 23360K, reserved 1114112K
  class space    used 2523K, committed 2752K, reserved 1048576K
}
Event: 8.343 GC heap before
{Heap before GC invocations=15 (full 0):
 garbage-first heap   total 231424K, used 197402K [0x000000074a600000, 0x0000000800000000)
  region size 2048K, 26 young (53248K), 4 survivors (8192K)
 Metaspace       used 22836K, committed 23360K, reserved 1114112K
  class space    used 2523K, committed 2752K, reserved 1048576K
}
Event: 8.353 GC heap after
{Heap after GC invocations=16 (full 0):
 garbage-first heap   total 446464K, used 166983K [0x000000074a600000, 0x0000000800000000)
  region size 2048K, 4 young (8192K), 4 survivors (8192K)
 Metaspace       used 22836K, committed 23360K, reserved 1114112K
  class space    used 2523K, committed 2752K, reserved 1048576K
}
Event: 8.585 GC heap before
{Heap before GC invocations=17 (full 0):
 garbage-first heap   total 446464K, used 369735K [0x000000074a600000, 0x0000000800000000)
  region size 2048K, 104 young (212992K), 4 survivors (8192K)
 Metaspace       used 22859K, committed 23424K, reserved 1114112K
  class space    used 2524K, committed 2752K, reserved 1048576K
}
Event: 8.602 GC heap after
{Heap after GC invocations=18 (full 0):
 garbage-first heap   total 446464K, used 187667K [0x000000074a600000, 0x0000000800000000)
  region size 2048K, 13 young (26624K), 13 survivors (26624K)
 Metaspace       used 22859K, committed 23424K, reserved 1114112K
  class space    used 2524K, committed 2752K, reserved 1048576K
}
Event: 8.886 GC heap before
{Heap before GC invocations=18 (full 0):
 garbage-first heap   total 446464K, used 361747K [0x000000074a600000, 0x0000000800000000)
  region size 2048K, 98 young (200704K), 13 survivors (26624K)
 Metaspace       used 22885K, committed 23424K, reserved 1114112K
  class space    used 2526K, committed 2752K, reserved 1048576K
}
Event: 8.902 GC heap after
{Heap after GC invocations=19 (full 0):
 garbage-first heap   total 446464K, used 200586K [0x000000074a600000, 0x0000000800000000)
  region size 2048K, 11 young (22528K), 11 survivors (22528K)
 Metaspace       used 22885K, committed 23424K, reserved 1114112K
  class space    used 2526K, committed 2752K, reserved 1048576K
}

